Build started 12/16/2015 12:17:07 PM.
     1>Project "C:\Users\Colin\Documents\GitHub\supermariomatcher\supermariomatcher\supermariomatcher.vcxproj" on node 2 (Build target(s)).
     1>ClCompile:
         C:\Program Files (x86)\Microsoft Visual Studio 12.0\VC\bin\CL.exe /c /Zi /nologo /W3 /WX- /O2 /Oi /Oy- /GL /D WIN32 /D NDEBUG /D _WINDOWS /D _UNICODE /D UNICODE /Gm- /EHsc /MT /GS /Gy /fp:precise /Zc:wchar_t /Zc:forScope /Fo"Release\\" /Fd"Release\vc120.pdb" /Gd /TP /analyze- /errorReport:prompt ..\Dictionary.cpp ..\Game.cpp ..\GameApp.cpp ..\GameWin.cpp
         Dictionary.cpp
         _WIN32_WINNT not defined. Defaulting to _WIN32_WINNT_MAXVER (see WinSDKVer.h)
         Game.cpp
         _WIN32_WINNT not defined. Defaulting to _WIN32_WINNT_MAXVER (see WinSDKVer.h)
     1>..\Game.cpp(273): warning C4244: 'argument' : conversion from 'double' to 'int', possible loss of data
     1>..\Game.cpp(317): warning C4800: 'BOOL' : forcing value to bool 'true' or 'false' (performance warning)
         GameApp.cpp
         _WIN32_WINNT not defined. Defaulting to _WIN32_WINNT_MAXVER (see WinSDKVer.h)
         GameWin.cpp
         _WIN32_WINNT not defined. Defaulting to _WIN32_WINNT_MAXVER (see WinSDKVer.h)
     1>..\GameWin.cpp(14): warning C4800: 'BOOL' : forcing value to bool 'true' or 'false' (performance warning)
     1>..\GameWin.cpp(30): warning C4800: 'BOOL' : forcing value to bool 'true' or 'false' (performance warning)
     1>..\GameWin.cpp(46): warning C4800: 'BOOL' : forcing value to bool 'true' or 'false' (performance warning)
       ResourceCompile:
         C:\Program Files (x86)\Windows Kits\8.1\bin\x86\rc.exe /D _UNICODE /D UNICODE /l"0x0409" /nologo /fo"Release\resources.res" ..\resources.rc 
       Link:
         C:\Program Files (x86)\Microsoft Visual Studio 12.0\VC\bin\link.exe /ERRORREPORT:PROMPT /OUT:"C:\Users\Colin\Documents\GitHub\supermariomatcher\Release\supermariomatcher.exe" /INCREMENTAL:NO /NOLOGO /MANIFEST /MANIFESTUAC:"level='asInvoker' uiAccess='false'" /manifest:embed /manifestinput:"C:\Program Files (x86)\Microsoft Visual Studio 12.0\VC\Include\Manifest\dpiaware.manifest" /DEBUG /PDB:"C:\Users\Colin\Documents\GitHub\supermariomatcher\Release\supermariomatcher.pdb" /SUBSYSTEM:WINDOWS /OPT:REF /OPT:ICF /LTCG /TLBID:1 /ENTRY:"wWinMainCRTStartup" /DYNAMICBASE /NXCOMPAT /IMPLIB:"C:\Users\Colin\Documents\GitHub\supermariomatcher\Release\supermariomatcher.lib" /MACHINE:X86 /SAFESEH Release\resources.res
         Release\Dictionary.obj
         Release\Game.obj
         Release\GameApp.obj
         Release\GameWin.obj
         Generating code
         Finished generating code
         supermariomatcher.vcxproj -> C:\Users\Colin\Documents\GitHub\supermariomatcher\Release\supermariomatcher.exe
     1>Done Building Project "C:\Users\Colin\Documents\GitHub\supermariomatcher\supermariomatcher\supermariomatcher.vcxproj" (Build target(s)).

Build succeeded.

Time Elapsed 00:00:20.18
